2022-03-15 15:41:42,084:INFO:PyCaret Supervised Module
2022-03-15 15:41:42,085:INFO:ML Usecase: classification
2022-03-15 15:41:42,085:INFO:version 2.3.6
2022-03-15 15:41:42,085:INFO:Initializing setup()
2022-03-15 15:41:42,085:INFO:setup(target=genre, ml_usecase=classification, available_plots={'parameter': 'Hyperparameters', 'auc': 'AUC', 'confusion_matrix': 'Confusion Matrix', 'threshold': 'Threshold', 'pr': 'Precision Recall', 'error': 'Prediction Error', 'class_report': 'Class Report', 'rfe': 'Feature Selection', 'learning': 'Learning Curve', 'manifold': 'Manifold Learning', 'calibration': 'Calibration Curve', 'vc': 'Validation Curve', 'dimension': 'Dimensions', 'feature': 'Feature Importance', 'feature_all': 'Feature Importance (All)', 'boundary': 'Decision Boundary', 'lift': 'Lift Chart', 'gain': 'Gain Chart', 'tree': 'Decision Tree', 'ks': 'KS Statistic Plot'}, train_size=0.7, test_data=None, preprocess=True, imputation_type=simple, iterative_imputation_iters=5, categorical_features=None, categorical_imputation=constant, categorical_iterative_imputer=lightgbm, ordinal_features=None, high_cardinality_features=None, high_cardinality_method=frequency, numeric_features=None, numeric_imputation=mean, numeric_iterative_imputer=lightgbm, date_features=None, ignore_features=None, normalize=False, normalize_method=zscore, transformation=False, transformation_method=yeo-johnson, handle_unknown_categorical=True, unknown_categorical_method=least_frequent, pca=False, pca_method=linear, pca_components=None, ignore_low_variance=False, combine_rare_levels=False, rare_level_threshold=0.1, bin_numeric_features=None, remove_outliers=False, outliers_threshold=0.05, remove_multicollinearity=False, multicollinearity_threshold=0.9, remove_perfect_collinearity=True, create_clusters=False, cluster_iter=20, polynomial_features=False, polynomial_degree=2, trigonometry_features=False, polynomial_threshold=0.1, group_features=None, group_names=None, feature_selection=False, feature_selection_threshold=0.8, feature_selection_method=classic, feature_interaction=False, feature_ratio=False, interaction_threshold=0.01, fix_imbalance=False, fix_imbalance_method=None, transform_target=False, transform_target_method=box-cox, data_split_shuffle=True, data_split_stratify=False, fold_strategy=stratifiedkfold, fold=10, fold_shuffle=False, fold_groups=None, n_jobs=-1, use_gpu=False, custom_pipeline=None, html=True, session_id=None, log_experiment=False, experiment_name=None, log_plots=False, log_profile=False, log_data=False, silent=False, verbose=True, profile=False, profile_kwargs=None, display=None)
2022-03-15 15:41:42,085:INFO:Checking environment
2022-03-15 15:41:42,085:INFO:python_version: 3.8.12
2022-03-15 15:41:42,085:INFO:python_build: ('default', 'Jan 30 2022 23:53:36')
2022-03-15 15:41:42,085:INFO:machine: x86_64
2022-03-15 15:41:42,085:INFO:platform: Linux-5.4.0-99-generic-x86_64-with-glibc2.10
2022-03-15 15:41:42,085:INFO:Memory: svmem(total=16660049920, available=6548180992, percent=60.7, used=9577828352, free=730083328, active=11012734976, inactive=3764523008, buffers=1072902144, cached=5279236096, shared=179806208, slab=853352448)
2022-03-15 15:41:42,086:INFO:Physical Core: 4
2022-03-15 15:41:42,086:INFO:Logical Core: 8
2022-03-15 15:41:42,086:INFO:Checking libraries
2022-03-15 15:41:42,086:INFO:pd==1.2.3
2022-03-15 15:41:42,086:INFO:numpy==1.19.5
2022-03-15 15:41:42,086:INFO:sklearn==0.23.2
2022-03-15 15:41:42,086:INFO:lightgbm==3.3.2
2022-03-15 15:41:42,165:INFO:catboost==1.0.4
2022-03-15 15:41:42,165:INFO:xgboost==1.5.2
2022-03-15 15:41:42,434:INFO:mlflow==1.23.1
2022-03-15 15:41:42,435:INFO:Checking Exceptions
2022-03-15 15:42:48,125:INFO:PyCaret Supervised Module
2022-03-15 15:42:48,125:INFO:ML Usecase: classification
2022-03-15 15:42:48,125:INFO:version 2.3.6
2022-03-15 15:42:48,126:INFO:Initializing setup()
2022-03-15 15:42:48,126:INFO:setup(target=genre, ml_usecase=classification, available_plots={'parameter': 'Hyperparameters', 'auc': 'AUC', 'confusion_matrix': 'Confusion Matrix', 'threshold': 'Threshold', 'pr': 'Precision Recall', 'error': 'Prediction Error', 'class_report': 'Class Report', 'rfe': 'Feature Selection', 'learning': 'Learning Curve', 'manifold': 'Manifold Learning', 'calibration': 'Calibration Curve', 'vc': 'Validation Curve', 'dimension': 'Dimensions', 'feature': 'Feature Importance', 'feature_all': 'Feature Importance (All)', 'boundary': 'Decision Boundary', 'lift': 'Lift Chart', 'gain': 'Gain Chart', 'tree': 'Decision Tree', 'ks': 'KS Statistic Plot'}, train_size=0.7, test_data=None, preprocess=True, imputation_type=simple, iterative_imputation_iters=5, categorical_features=None, categorical_imputation=constant, categorical_iterative_imputer=lightgbm, ordinal_features=None, high_cardinality_features=None, high_cardinality_method=frequency, numeric_features=None, numeric_imputation=mean, numeric_iterative_imputer=lightgbm, date_features=None, ignore_features=None, normalize=False, normalize_method=zscore, transformation=False, transformation_method=yeo-johnson, handle_unknown_categorical=True, unknown_categorical_method=least_frequent, pca=False, pca_method=linear, pca_components=None, ignore_low_variance=False, combine_rare_levels=False, rare_level_threshold=0.1, bin_numeric_features=None, remove_outliers=False, outliers_threshold=0.05, remove_multicollinearity=False, multicollinearity_threshold=0.9, remove_perfect_collinearity=True, create_clusters=False, cluster_iter=20, polynomial_features=False, polynomial_degree=2, trigonometry_features=False, polynomial_threshold=0.1, group_features=None, group_names=None, feature_selection=False, feature_selection_threshold=0.8, feature_selection_method=classic, feature_interaction=False, feature_ratio=False, interaction_threshold=0.01, fix_imbalance=False, fix_imbalance_method=None, transform_target=False, transform_target_method=box-cox, data_split_shuffle=True, data_split_stratify=False, fold_strategy=stratifiedkfold, fold=10, fold_shuffle=False, fold_groups=None, n_jobs=-1, use_gpu=False, custom_pipeline=None, html=True, session_id=None, log_experiment=False, experiment_name=None, log_plots=False, log_profile=False, log_data=False, silent=False, verbose=True, profile=False, profile_kwargs=None, display=None)
2022-03-15 15:42:48,126:INFO:Checking environment
2022-03-15 15:42:48,126:INFO:python_version: 3.8.12
2022-03-15 15:42:48,126:INFO:python_build: ('default', 'Jan 30 2022 23:53:36')
2022-03-15 15:42:48,126:INFO:machine: x86_64
2022-03-15 15:42:48,126:INFO:platform: Linux-5.4.0-99-generic-x86_64-with-glibc2.10
2022-03-15 15:42:48,127:INFO:Memory: svmem(total=16660049920, available=6430261248, percent=61.4, used=9689546752, free=581537792, active=11127685120, inactive=3798794240, buffers=1073283072, cached=5315682304, shared=187244544, slab=854380544)
2022-03-15 15:42:48,127:INFO:Physical Core: 4
2022-03-15 15:42:48,128:INFO:Logical Core: 8
2022-03-15 15:42:48,128:INFO:Checking libraries
2022-03-15 15:42:48,128:INFO:pd==1.2.3
2022-03-15 15:42:48,128:INFO:numpy==1.19.5
2022-03-15 15:42:48,128:INFO:sklearn==0.23.2
2022-03-15 15:42:48,128:INFO:lightgbm==3.3.2
2022-03-15 15:42:48,128:INFO:catboost==1.0.4
2022-03-15 15:42:48,129:INFO:xgboost==1.5.2
2022-03-15 15:42:48,129:INFO:mlflow==1.23.1
2022-03-15 15:42:48,129:INFO:Checking Exceptions
2022-03-15 15:42:48,129:INFO:Declaring global variables
2022-03-15 15:42:48,129:INFO:USI: 98d8
2022-03-15 15:42:48,129:INFO:pycaret_globals: {'X_train', 'target_param', 'fold_groups_param', 'fold_param', 'X', 'USI', 'exp_name_log', 'transform_target_method_param', 'n_jobs_param', '_ml_usecase', 'y_test', 'imputation_regressor', 'gpu_param', 'iterative_imputation_iters_param', 'fold_generator', 'fix_imbalance_param', 'transform_target_param', 'imputation_classifier', 'X_test', 'create_model_container', 'html_param', 'fix_imbalance_method_param', 'fold_groups_param_full', 'experiment__', 'data_before_preprocess', 'logging_param', 'pycaret_globals', '_available_plots', 'seed', 'display_container', 'y_train', 'y', '_all_models', '_all_metrics', 'log_plots_param', 'master_model_container', '_all_models_internal', 'stratify_param', 'fold_shuffle_param', 'prep_pipe', '_gpu_n_jobs_param', '_internal_pipeline'}
2022-03-15 15:42:48,130:INFO:Preparing display monitor
2022-03-15 15:42:48,130:INFO:Preparing display monitor
2022-03-15 15:42:48,149:INFO:Importing libraries
2022-03-15 15:42:48,150:INFO:Copying data for preprocessing
2022-03-15 15:42:48,159:INFO:Declaring preprocessing parameters
2022-03-15 15:42:48,161:INFO:Creating preprocessing pipeline
2022-03-15 15:42:48,241:INFO:Preprocessing pipeline created successfully
2022-03-15 15:42:48,241:ERROR:(Process Exit): setup has been interupted with user command 'quit'. setup must rerun.
2022-03-15 15:42:48,241:INFO:Creating global containers
2022-03-15 15:42:48,244:INFO:Internal pipeline: Pipeline(memory=None, steps=[('empty_step', 'passthrough')], verbose=False)
2022-03-15 15:42:53,475:INFO:Creating grid variables
2022-03-15 15:42:53,494:INFO:create_model_container: 0
2022-03-15 15:42:53,494:INFO:master_model_container: 0
2022-03-15 15:42:53,494:INFO:display_container: 1
2022-03-15 15:42:53,499:INFO:Pipeline(memory=None,
         steps=[('dtypes',
                 DataTypes_Auto_infer(categorical_features=[],
                                      display_types=True, features_todrop=[],
                                      id_columns=[],
                                      ml_usecase='classification',
                                      numerical_features=[], target='genre',
                                      time_features=[])),
                ('imputer',
                 Simple_Imputer(categorical_strategy='not_available',
                                fill_value_categorical=None,
                                fill_value_numerical=None,
                                numeric_strate...
                ('scaling', 'passthrough'), ('P_transform', 'passthrough'),
                ('binn', 'passthrough'), ('rem_outliers', 'passthrough'),
                ('cluster_all', 'passthrough'),
                ('dummy', Dummify(target='genre')),
                ('fix_perfect', Remove_100(target='genre')),
                ('clean_names', Clean_Colum_Names()),
                ('feature_select', 'passthrough'), ('fix_multi', 'passthrough'),
                ('dfs', 'passthrough'), ('pca', 'passthrough')],
         verbose=False)
2022-03-15 15:42:53,499:INFO:setup() succesfully completed......................................
2022-03-15 15:43:08,317:INFO:Initializing create_model()
2022-03-15 15:43:08,317:INFO:create_model(estimator=xgboost, fold=None, round=4, cross_validation=True, predict=True, fit_kwargs=None, groups=None, refit=True, verbose=True, system=True, metrics=None, add_to_model_list=True, probability_threshold=None, display=None, kwargs={})
2022-03-15 15:43:08,317:INFO:Checking exceptions
2022-03-15 15:43:08,317:INFO:Preparing display monitor
2022-03-15 15:43:08,341:INFO:Importing libraries
2022-03-15 15:43:08,341:INFO:Copying training dataset
2022-03-15 15:43:08,343:INFO:Defining folds
2022-03-15 15:43:08,343:INFO:Declaring metric variables
2022-03-15 15:43:08,354:INFO:Importing untrained model
2022-03-15 15:43:08,368:INFO:Extreme Gradient Boosting Imported succesfully
2022-03-15 15:43:08,391:INFO:Starting cross validation
2022-03-15 15:43:08,393:INFO:Cross validating with StratifiedKFold(n_splits=10, random_state=None, shuffle=False), n_jobs=-1
2022-03-15 15:56:46,516:INFO:PyCaret Supervised Module
2022-03-15 15:56:46,516:INFO:ML Usecase: classification
2022-03-15 15:56:46,516:INFO:version 2.3.6
2022-03-15 15:56:46,516:INFO:Initializing setup()
2022-03-15 15:56:46,516:INFO:setup(target=genre, ml_usecase=classification, available_plots={'parameter': 'Hyperparameters', 'auc': 'AUC', 'confusion_matrix': 'Confusion Matrix', 'threshold': 'Threshold', 'pr': 'Precision Recall', 'error': 'Prediction Error', 'class_report': 'Class Report', 'rfe': 'Feature Selection', 'learning': 'Learning Curve', 'manifold': 'Manifold Learning', 'calibration': 'Calibration Curve', 'vc': 'Validation Curve', 'dimension': 'Dimensions', 'feature': 'Feature Importance', 'feature_all': 'Feature Importance (All)', 'boundary': 'Decision Boundary', 'lift': 'Lift Chart', 'gain': 'Gain Chart', 'tree': 'Decision Tree', 'ks': 'KS Statistic Plot'}, train_size=1, test_data=    bandwidth_mean  bandwidth_var  cen10_mean  cen10_var  cen11_mean  \
0      2552.509510  275592.569990    0.221072   0.022193    0.192804   
1      2566.590601  100965.213032    0.157350   0.010329    0.280489   
2      1754.409592  283727.376842    0.194276   0.006972    0.174412   
3      2013.925812  165876.881438    0.124067   0.008645    0.180129   
4      1422.303098   77324.475593    0.171132   0.062404    0.117037   
..             ...            ...         ...        ...         ...   
93     2002.650192   85897.037189    0.265042   0.005746    0.284910   
94     1757.230941  220538.866286    0.194893   0.016030    0.235751   
95     2052.332563  120021.314254    0.257899   0.031911    0.155472   
96     1530.437061  150858.663572    0.332659   0.012538    0.329124   
97     1703.507382  104443.749968    0.275444   0.026523    0.261305   

    cen11_var  cen12_mean  cen12_var  cen1_mean  cen1_var  ...  tonnetz3_var  \
0    0.021087    0.250226   0.026030   0.303419  0.034796  ...      0.033138   
1    0.011017    0.254873   0.019346   0.304723  0.011997  ...      0.011609   
2    0.015875    0.190532   0.013659   0.412515  0.026022  ...      0.015471   
3    0.035624    0.198072   0.014837   0.338583  0.024375  ...      0.022960   
4    0.014111    0.302226   0.093948   0.185847  0.030036  ...      0.047351   
..        ...         ...        ...        ...       ...  ...           ...   
93   0.005567    0.289171   0.009801   0.285704  0.016816  ...      0.007784   
94   0.013069    0.268492   0.049157   0.102582  0.006848  ...      0.025393   
95   0.009793    0.272003   0.029515   0.177837  0.008971  ...      0.016555   
96   0.021370    0.228891   0.007844   0.328270  0.018680  ...      0.014628   
97   0.015603    0.184228   0.009145   0.331273  0.033988  ...      0.015507   

    tonnetz4_var  tonnetz5_var  tonnetz_0_mean  tonnetz_1_mean  \
0       0.004594      0.004223        0.088575        0.076880   
1       0.002132      0.001721       -0.080208        0.043098   
2       0.002068      0.002638        0.006058        0.078563   
3       0.004236      0.003231       -0.040342        0.121326   
4       0.013191      0.010489        0.165133       -0.133163   
..           ...           ...             ...             ...   
93      0.000810      0.000965        0.026599        0.018373   
94      0.008658      0.001996        0.132349       -0.092789   
95      0.003666      0.003902        0.137350       -0.061731   
96      0.002155      0.002167        0.017799        0.054569   
97      0.003617      0.004267        0.049643        0.093860   

    tonnetz_2_mean  tonnetz_3_mean  tonnetz_4_mean  tonnetz_5_mean  \
0         0.052268        0.060502        0.004093       -0.017960   
1         0.018111       -0.015411       -0.019330        0.017465   
2        -0.024447        0.122523        0.016996        0.004997   
3         0.076586        0.056879       -0.002903       -0.006895   
4         0.142416       -0.016541       -0.005563        0.028975   
..             ...             ...             ...             ...   
93        0.004654       -0.016468        0.009844       -0.004130   
94        0.096042        0.156431        0.055649       -0.041863   
95        0.050326        0.072528        0.026566       -0.016200   
96       -0.060826       -0.033987        0.011000       -0.001749   
97        0.018436        0.055842        0.030484        0.014991   

    zero_crossings  
0          63290.0  
1          97745.0  
2          51957.0  
3          30600.0  
4          31635.0  
..             ...  
93         55012.0  
94         29105.0  
95         50025.0  
96         21234.0  
97         49529.0  

[98 rows x 118 columns], preprocess=True, imputation_type=simple, iterative_imputation_iters=5, categorical_features=None, categorical_imputation=constant, categorical_iterative_imputer=lightgbm, ordinal_features=None, high_cardinality_features=None, high_cardinality_method=frequency, numeric_features=None, numeric_imputation=mean, numeric_iterative_imputer=lightgbm, date_features=None, ignore_features=None, normalize=True, normalize_method=zscore, transformation=False, transformation_method=yeo-johnson, handle_unknown_categorical=True, unknown_categorical_method=least_frequent, pca=False, pca_method=linear, pca_components=None, ignore_low_variance=False, combine_rare_levels=False, rare_level_threshold=0.1, bin_numeric_features=None, remove_outliers=False, outliers_threshold=0.05, remove_multicollinearity=False, multicollinearity_threshold=0.9, remove_perfect_collinearity=True, create_clusters=False, cluster_iter=20, polynomial_features=False, polynomial_degree=2, trigonometry_features=False, polynomial_threshold=0.1, group_features=None, group_names=None, feature_selection=True, feature_selection_threshold=0.8, feature_selection_method=boruta, feature_interaction=False, feature_ratio=False, interaction_threshold=0.01, fix_imbalance=False, fix_imbalance_method=None, transform_target=False, transform_target_method=box-cox, data_split_shuffle=True, data_split_stratify=False, fold_strategy=stratifiedkfold, fold=3, fold_shuffle=False, fold_groups=None, n_jobs=-1, use_gpu=True, custom_pipeline=None, html=True, session_id=None, log_experiment=False, experiment_name=None, log_plots=False, log_profile=False, log_data=False, silent=False, verbose=True, profile=False, profile_kwargs=None, display=None)
2022-03-15 15:56:46,516:INFO:Checking environment
2022-03-15 15:56:46,516:INFO:python_version: 3.8.12
2022-03-15 15:56:46,516:INFO:python_build: ('default', 'Jan 30 2022 23:53:36')
2022-03-15 15:56:46,516:INFO:machine: x86_64
2022-03-15 15:56:46,516:INFO:platform: Linux-5.4.0-99-generic-x86_64-with-glibc2.10
2022-03-15 15:56:46,517:INFO:Memory: svmem(total=16660049920, available=5641318400, percent=66.1, used=10458021888, free=1541996544, active=11543359488, inactive=2744508416, buffers=1044099072, cached=3615932416, shared=207364096, slab=530718720)
2022-03-15 15:56:46,518:INFO:Physical Core: 4
2022-03-15 15:56:46,518:INFO:Logical Core: 8
2022-03-15 15:56:46,518:INFO:Checking libraries
2022-03-15 15:56:46,518:INFO:pd==1.2.3
2022-03-15 15:56:46,518:INFO:numpy==1.19.5
2022-03-15 15:56:46,518:INFO:sklearn==0.23.2
2022-03-15 15:56:46,518:INFO:lightgbm==3.3.2
2022-03-15 15:56:46,518:INFO:catboost==1.0.4
2022-03-15 15:56:46,518:INFO:xgboost==1.5.2
2022-03-15 15:56:46,518:INFO:mlflow==1.23.1
2022-03-15 15:56:46,518:INFO:Checking Exceptions
2022-03-15 15:56:56,635:INFO:PyCaret Supervised Module
2022-03-15 15:56:56,635:INFO:ML Usecase: classification
2022-03-15 15:56:56,635:INFO:version 2.3.6
2022-03-15 15:56:56,635:INFO:Initializing setup()
2022-03-15 15:56:56,635:INFO:setup(target=genre, ml_usecase=classification, available_plots={'parameter': 'Hyperparameters', 'auc': 'AUC', 'confusion_matrix': 'Confusion Matrix', 'threshold': 'Threshold', 'pr': 'Precision Recall', 'error': 'Prediction Error', 'class_report': 'Class Report', 'rfe': 'Feature Selection', 'learning': 'Learning Curve', 'manifold': 'Manifold Learning', 'calibration': 'Calibration Curve', 'vc': 'Validation Curve', 'dimension': 'Dimensions', 'feature': 'Feature Importance', 'feature_all': 'Feature Importance (All)', 'boundary': 'Decision Boundary', 'lift': 'Lift Chart', 'gain': 'Gain Chart', 'tree': 'Decision Tree', 'ks': 'KS Statistic Plot'}, train_size=1.0, test_data=    bandwidth_mean  bandwidth_var  cen10_mean  cen10_var  cen11_mean  \
0      2552.509510  275592.569990    0.221072   0.022193    0.192804   
1      2566.590601  100965.213032    0.157350   0.010329    0.280489   
2      1754.409592  283727.376842    0.194276   0.006972    0.174412   
3      2013.925812  165876.881438    0.124067   0.008645    0.180129   
4      1422.303098   77324.475593    0.171132   0.062404    0.117037   
..             ...            ...         ...        ...         ...   
93     2002.650192   85897.037189    0.265042   0.005746    0.284910   
94     1757.230941  220538.866286    0.194893   0.016030    0.235751   
95     2052.332563  120021.314254    0.257899   0.031911    0.155472   
96     1530.437061  150858.663572    0.332659   0.012538    0.329124   
97     1703.507382  104443.749968    0.275444   0.026523    0.261305   

    cen11_var  cen12_mean  cen12_var  cen1_mean  cen1_var  ...  tonnetz3_var  \
0    0.021087    0.250226   0.026030   0.303419  0.034796  ...      0.033138   
1    0.011017    0.254873   0.019346   0.304723  0.011997  ...      0.011609   
2    0.015875    0.190532   0.013659   0.412515  0.026022  ...      0.015471   
3    0.035624    0.198072   0.014837   0.338583  0.024375  ...      0.022960   
4    0.014111    0.302226   0.093948   0.185847  0.030036  ...      0.047351   
..        ...         ...        ...        ...       ...  ...           ...   
93   0.005567    0.289171   0.009801   0.285704  0.016816  ...      0.007784   
94   0.013069    0.268492   0.049157   0.102582  0.006848  ...      0.025393   
95   0.009793    0.272003   0.029515   0.177837  0.008971  ...      0.016555   
96   0.021370    0.228891   0.007844   0.328270  0.018680  ...      0.014628   
97   0.015603    0.184228   0.009145   0.331273  0.033988  ...      0.015507   

    tonnetz4_var  tonnetz5_var  tonnetz_0_mean  tonnetz_1_mean  \
0       0.004594      0.004223        0.088575        0.076880   
1       0.002132      0.001721       -0.080208        0.043098   
2       0.002068      0.002638        0.006058        0.078563   
3       0.004236      0.003231       -0.040342        0.121326   
4       0.013191      0.010489        0.165133       -0.133163   
..           ...           ...             ...             ...   
93      0.000810      0.000965        0.026599        0.018373   
94      0.008658      0.001996        0.132349       -0.092789   
95      0.003666      0.003902        0.137350       -0.061731   
96      0.002155      0.002167        0.017799        0.054569   
97      0.003617      0.004267        0.049643        0.093860   

    tonnetz_2_mean  tonnetz_3_mean  tonnetz_4_mean  tonnetz_5_mean  \
0         0.052268        0.060502        0.004093       -0.017960   
1         0.018111       -0.015411       -0.019330        0.017465   
2        -0.024447        0.122523        0.016996        0.004997   
3         0.076586        0.056879       -0.002903       -0.006895   
4         0.142416       -0.016541       -0.005563        0.028975   
..             ...             ...             ...             ...   
93        0.004654       -0.016468        0.009844       -0.004130   
94        0.096042        0.156431        0.055649       -0.041863   
95        0.050326        0.072528        0.026566       -0.016200   
96       -0.060826       -0.033987        0.011000       -0.001749   
97        0.018436        0.055842        0.030484        0.014991   

    zero_crossings  
0          63290.0  
1          97745.0  
2          51957.0  
3          30600.0  
4          31635.0  
..             ...  
93         55012.0  
94         29105.0  
95         50025.0  
96         21234.0  
97         49529.0  

[98 rows x 118 columns], preprocess=True, imputation_type=simple, iterative_imputation_iters=5, categorical_features=None, categorical_imputation=constant, categorical_iterative_imputer=lightgbm, ordinal_features=None, high_cardinality_features=None, high_cardinality_method=frequency, numeric_features=None, numeric_imputation=mean, numeric_iterative_imputer=lightgbm, date_features=None, ignore_features=None, normalize=True, normalize_method=zscore, transformation=False, transformation_method=yeo-johnson, handle_unknown_categorical=True, unknown_categorical_method=least_frequent, pca=False, pca_method=linear, pca_components=None, ignore_low_variance=False, combine_rare_levels=False, rare_level_threshold=0.1, bin_numeric_features=None, remove_outliers=False, outliers_threshold=0.05, remove_multicollinearity=False, multicollinearity_threshold=0.9, remove_perfect_collinearity=True, create_clusters=False, cluster_iter=20, polynomial_features=False, polynomial_degree=2, trigonometry_features=False, polynomial_threshold=0.1, group_features=None, group_names=None, feature_selection=True, feature_selection_threshold=0.8, feature_selection_method=boruta, feature_interaction=False, feature_ratio=False, interaction_threshold=0.01, fix_imbalance=False, fix_imbalance_method=None, transform_target=False, transform_target_method=box-cox, data_split_shuffle=True, data_split_stratify=False, fold_strategy=stratifiedkfold, fold=3, fold_shuffle=False, fold_groups=None, n_jobs=-1, use_gpu=True, custom_pipeline=None, html=True, session_id=None, log_experiment=False, experiment_name=None, log_plots=False, log_profile=False, log_data=False, silent=False, verbose=True, profile=False, profile_kwargs=None, display=None)
2022-03-15 15:56:56,635:INFO:Checking environment
2022-03-15 15:56:56,635:INFO:python_version: 3.8.12
2022-03-15 15:56:56,635:INFO:python_build: ('default', 'Jan 30 2022 23:53:36')
2022-03-15 15:56:56,635:INFO:machine: x86_64
2022-03-15 15:56:56,635:INFO:platform: Linux-5.4.0-99-generic-x86_64-with-glibc2.10
2022-03-15 15:56:56,635:INFO:Memory: svmem(total=16660049920, available=5517463552, percent=66.9, used=10589466624, free=1418063872, active=11675144192, inactive=2735214592, buffers=1044156416, cached=3608363008, shared=199774208, slab=530722816)
2022-03-15 15:56:56,636:INFO:Physical Core: 4
2022-03-15 15:56:56,636:INFO:Logical Core: 8
2022-03-15 15:56:56,636:INFO:Checking libraries
2022-03-15 15:56:56,636:INFO:pd==1.2.3
2022-03-15 15:56:56,636:INFO:numpy==1.19.5
2022-03-15 15:56:56,636:INFO:sklearn==0.23.2
2022-03-15 15:56:56,636:INFO:lightgbm==3.3.2
2022-03-15 15:56:56,636:INFO:catboost==1.0.4
2022-03-15 15:56:56,636:INFO:xgboost==1.5.2
2022-03-15 15:56:56,636:INFO:mlflow==1.23.1
2022-03-15 15:56:56,636:INFO:Checking Exceptions
2022-03-15 15:56:56,637:INFO:Declaring global variables
2022-03-15 15:56:56,637:INFO:USI: eabd
2022-03-15 15:56:56,637:INFO:pycaret_globals: {'X_train', 'target_param', 'fold_groups_param', 'fold_param', 'X', 'USI', 'exp_name_log', 'transform_target_method_param', 'n_jobs_param', '_ml_usecase', 'y_test', 'imputation_regressor', 'gpu_param', 'iterative_imputation_iters_param', 'fold_generator', 'fix_imbalance_param', 'transform_target_param', 'imputation_classifier', 'X_test', 'create_model_container', 'html_param', 'fix_imbalance_method_param', 'fold_groups_param_full', 'experiment__', 'data_before_preprocess', 'logging_param', 'pycaret_globals', '_available_plots', 'seed', 'display_container', 'y_train', 'y', '_all_models', '_all_metrics', 'log_plots_param', 'master_model_container', '_all_models_internal', 'stratify_param', 'fold_shuffle_param', 'prep_pipe', '_gpu_n_jobs_param', '_internal_pipeline'}
2022-03-15 15:56:56,637:INFO:Preparing display monitor
2022-03-15 15:56:56,637:INFO:Preparing display monitor
2022-03-15 15:56:56,654:INFO:Importing libraries
2022-03-15 15:56:56,654:INFO:Copying data for preprocessing
2022-03-15 15:56:56,667:INFO:Declaring preprocessing parameters
2022-03-15 15:56:56,668:WARNING:cuML not found
2022-03-15 15:56:56,668:WARNING:cuML is outdated or not found. Required version is >=0.15, got 1.5.2
2022-03-15 15:56:56,670:INFO:Creating preprocessing pipeline
2022-03-15 15:56:56,754:INFO:Preprocessing pipeline created successfully
2022-03-15 15:56:56,754:ERROR:(Process Exit): setup has been interupted with user command 'quit'. setup must rerun.
2022-03-15 15:56:56,754:INFO:Creating global containers
2022-03-15 15:56:56,755:INFO:Internal pipeline: Pipeline(memory=None, steps=[('empty_step', 'passthrough')], verbose=False)
2022-03-15 15:57:37,529:WARNING:Couldn't import cuml.linear_model.LogisticRegression
2022-03-15 15:57:37,569:WARNING:Couldn't import cuml.neighbors.KNeighborsClassifier
2022-03-15 15:57:37,570:WARNING:Couldn't import cuml.MBSGDClassifier
2022-03-15 15:57:37,571:WARNING:Couldn't import cuml.svm.SVC
2022-03-15 15:57:37,591:WARNING:Couldn't import cuml.linear_model
2022-03-15 15:57:37,596:WARNING:Couldn't import cuml.ensemble
2022-03-15 15:57:37,827:WARNING:Couldn't import cuml.linear_model.LogisticRegression
2022-03-15 15:57:37,877:WARNING:Couldn't import cuml.neighbors.KNeighborsClassifier
2022-03-15 15:57:37,878:WARNING:Couldn't import cuml.MBSGDClassifier
2022-03-15 15:57:37,878:WARNING:Couldn't import cuml.svm.SVC
2022-03-15 15:57:37,900:WARNING:Couldn't import cuml.linear_model
2022-03-15 15:57:37,905:WARNING:Couldn't import cuml.ensemble
2022-03-15 15:57:38,108:INFO:Creating grid variables
2022-03-15 15:57:38,132:INFO:create_model_container: 0
2022-03-15 15:57:38,132:INFO:master_model_container: 0
2022-03-15 15:57:38,132:INFO:display_container: 1
2022-03-15 15:57:38,138:INFO:Pipeline(memory=None,
         steps=[('dtypes',
                 DataTypes_Auto_infer(categorical_features=[],
                                      display_types=True, features_todrop=[],
                                      id_columns=[],
                                      ml_usecase='classification',
                                      numerical_features=[], target='genre',
                                      time_features=[])),
                ('imputer',
                 Simple_Imputer(categorical_strategy='not_available',
                                fill_value_categorical=None,
                                fill_value_numerical=None,
                                numeric_strate...
                ('fix_perfect', Remove_100(target='genre')),
                ('clean_names', Clean_Colum_Names()),
                ('feature_select',
                 Boruta_Feature_Selection(alpha=0.05, max_iteration=200,
                                          ml_usecase='classification',
                                          n_iter_no_change=25, n_jobs=-1,
                                          random_state=7169, subclass='multi',
                                          target='genre',
                                          top_features_to_pick=0.8)),
                ('fix_multi', 'passthrough'), ('dfs', 'passthrough'),
                ('pca', 'passthrough')],
         verbose=False)
2022-03-15 15:57:38,138:INFO:setup() succesfully completed......................................
2022-03-15 15:57:57,503:INFO:Initializing create_model()
2022-03-15 15:57:57,503:INFO:create_model(estimator=xgboost, fold=None, round=4, cross_validation=True, predict=True, fit_kwargs=None, groups=None, refit=True, verbose=True, system=True, metrics=None, add_to_model_list=True, probability_threshold=None, display=None, kwargs={})
2022-03-15 15:57:57,503:INFO:Checking exceptions
2022-03-15 15:57:57,504:INFO:Preparing display monitor
2022-03-15 15:57:57,524:INFO:Importing libraries
2022-03-15 15:57:57,524:INFO:Copying training dataset
2022-03-15 15:57:57,525:INFO:Defining folds
2022-03-15 15:57:57,525:INFO:Declaring metric variables
2022-03-15 15:57:57,538:INFO:Importing untrained model
2022-03-15 15:57:57,551:INFO:Extreme Gradient Boosting Imported succesfully
2022-03-15 15:57:57,576:INFO:Starting cross validation
2022-03-15 15:57:57,578:INFO:Cross validating with StratifiedKFold(n_splits=3, random_state=None, shuffle=False), n_jobs=1
2022-03-15 15:58:20,285:INFO:Calculating mean and std
2022-03-15 15:58:20,286:INFO:Creating metrics dataframe
2022-03-15 15:58:20,303:INFO:Finalizing model
2022-03-15 15:58:29,375:INFO:Uploading results into container
2022-03-15 15:58:29,375:INFO:Uploading model into container now
2022-03-15 15:58:29,391:INFO:create_model_container: 1
2022-03-15 15:58:29,391:INFO:master_model_container: 1
2022-03-15 15:58:29,391:INFO:display_container: 2
2022-03-15 15:58:29,394:INFO:XGBClassifier(base_score=0.5, booster='gbtree', colsample_bylevel=1,
              colsample_bynode=1, colsample_bytree=1, enable_categorical=False,
              gamma=0, gpu_id=0, importance_type=None,
              interaction_constraints='', learning_rate=0.300000012,
              max_delta_step=0, max_depth=6, min_child_weight=1, missing=nan,
              monotone_constraints='()', n_estimators=100, n_jobs=-1,
              num_parallel_tree=1, objective='multi:softprob', predictor='auto',
              random_state=7169, reg_alpha=0, reg_lambda=1,
              scale_pos_weight=None, subsample=1, tree_method='gpu_hist',
              use_label_encoder=True, validate_parameters=1, verbosity=0)
2022-03-15 15:58:29,394:INFO:create_model() succesfully completed......................................
2022-03-15 15:58:29,626:INFO:Initializing tune_model()
2022-03-15 15:58:29,626:INFO:tune_model(estimator=<module 'xgboost' from '/home/gio/anaconda3/envs/sound/lib/python3.8/site-packages/xgboost/__init__.py'>, fold=None, round=4, n_iter=10, custom_grid=None, optimize=Accuracy, custom_scorer=None, search_library=scikit-learn, search_algorithm=None, early_stopping=False, early_stopping_max_iters=10, choose_better=False, fit_kwargs=None, groups=None, return_tuner=False, verbose=True, tuner_verbose=True, display=None, kwargs={})
2022-03-15 15:58:29,626:INFO:Checking exceptions
2022-03-15 15:59:10,906:INFO:Initializing create_model()
2022-03-15 15:59:10,906:INFO:create_model(estimator=xgboost, fold=None, round=4, cross_validation=True, predict=True, fit_kwargs=None, groups=None, refit=True, verbose=True, system=True, metrics=None, add_to_model_list=True, probability_threshold=None, display=None, kwargs={})
2022-03-15 15:59:10,907:INFO:Checking exceptions
2022-03-15 15:59:10,907:INFO:Preparing display monitor
2022-03-15 15:59:10,936:INFO:Importing libraries
2022-03-15 15:59:10,936:INFO:Copying training dataset
2022-03-15 15:59:10,937:INFO:Defining folds
2022-03-15 15:59:10,937:INFO:Declaring metric variables
2022-03-15 15:59:10,950:INFO:Importing untrained model
2022-03-15 15:59:10,965:INFO:Extreme Gradient Boosting Imported succesfully
2022-03-15 15:59:10,991:INFO:Starting cross validation
2022-03-15 15:59:10,993:INFO:Cross validating with StratifiedKFold(n_splits=3, random_state=None, shuffle=False), n_jobs=1
2022-03-15 15:59:32,153:INFO:Calculating mean and std
2022-03-15 15:59:32,154:INFO:Creating metrics dataframe
2022-03-15 15:59:32,172:INFO:Finalizing model
2022-03-15 15:59:40,620:INFO:Uploading results into container
2022-03-15 15:59:40,621:INFO:Uploading model into container now
2022-03-15 15:59:40,637:INFO:create_model_container: 2
2022-03-15 15:59:40,637:INFO:master_model_container: 2
2022-03-15 15:59:40,637:INFO:display_container: 3
2022-03-15 15:59:40,639:INFO:XGBClassifier(base_score=0.5, booster='gbtree', colsample_bylevel=1,
              colsample_bynode=1, colsample_bytree=1, enable_categorical=False,
              gamma=0, gpu_id=0, importance_type=None,
              interaction_constraints='', learning_rate=0.300000012,
              max_delta_step=0, max_depth=6, min_child_weight=1, missing=nan,
              monotone_constraints='()', n_estimators=100, n_jobs=-1,
              num_parallel_tree=1, objective='multi:softprob', predictor='auto',
              random_state=7169, reg_alpha=0, reg_lambda=1,
              scale_pos_weight=None, subsample=1, tree_method='gpu_hist',
              use_label_encoder=True, validate_parameters=1, verbosity=0)
2022-03-15 15:59:40,639:INFO:create_model() succesfully completed......................................
2022-03-15 16:00:30,154:INFO:Initializing compare_models()
2022-03-15 16:00:30,155:INFO:compare_models(include=None, fold=None, round=4, cross_validation=True, sort=Accuracy, n_select=1, budget_time=None, turbo=True, errors=ignore, fit_kwargs=None, groups=None, probability_threshold=None, verbose=True, display=None, exclude=None)
2022-03-15 16:00:30,156:INFO:Checking exceptions
2022-03-15 16:00:30,158:INFO:Preparing display monitor
2022-03-15 16:00:30,158:INFO:Preparing display monitor
2022-03-15 16:00:30,205:INFO:Initializing Logistic Regression
2022-03-15 16:00:30,205:INFO:Total runtime is 4.144509633382161e-06 minutes
2022-03-15 16:00:30,220:INFO:SubProcess create_model() called ==================================
2022-03-15 16:00:30,221:INFO:Initializing create_model()
2022-03-15 16:00:30,221:INFO:create_model(estimator=lr, fold=StratifiedKFold(n_splits=3, random_state=None, shuffle=False), round=4, cross_validation=True, predict=True, fit_kwargs={}, groups=None, refit=False, verbose=False, system=False, metrics=None, add_to_model_list=True, probability_threshold=None, display=<pycaret.internal.Display.Display object at 0x7fbf0eec64c0>, kwargs={})
2022-03-15 16:00:30,221:INFO:Checking exceptions
2022-03-15 16:00:30,221:INFO:Importing libraries
2022-03-15 16:00:30,221:INFO:Copying training dataset
2022-03-15 16:00:30,223:INFO:Defining folds
2022-03-15 16:00:30,223:INFO:Declaring metric variables
2022-03-15 16:00:30,237:INFO:Importing untrained model
2022-03-15 16:00:30,248:INFO:Logistic Regression Imported succesfully
2022-03-15 16:00:30,279:INFO:Starting cross validation
2022-03-15 16:00:30,280:INFO:Cross validating with StratifiedKFold(n_splits=3, random_state=None, shuffle=False), n_jobs=1
2022-03-15 16:00:33,477:INFO:Calculating mean and std
2022-03-15 16:00:33,479:INFO:Creating metrics dataframe
2022-03-15 16:00:33,498:INFO:Uploading results into container
2022-03-15 16:00:33,498:INFO:Uploading model into container now
2022-03-15 16:00:33,498:INFO:create_model_container: 3
2022-03-15 16:00:33,499:INFO:master_model_container: 3
2022-03-15 16:00:33,499:INFO:display_container: 4
2022-03-15 16:00:33,499:INFO:LogisticRegression(C=1.0, class_weight=None, dual=False, fit_intercept=True,
                   intercept_scaling=1, l1_ratio=None, max_iter=1000,
                   multi_class='auto', n_jobs=None, penalty='l2',
                   random_state=7169, solver='lbfgs', tol=0.0001, verbose=0,
                   warm_start=False)
2022-03-15 16:00:33,499:INFO:create_model() succesfully completed......................................
2022-03-15 16:00:33,716:INFO:SubProcess create_model() end ==================================
2022-03-15 16:00:33,716:INFO:Creating metrics dataframe
2022-03-15 16:00:33,738:INFO:Initializing K Neighbors Classifier
2022-03-15 16:00:33,738:INFO:Total runtime is 0.05889360109965006 minutes
2022-03-15 16:00:33,749:INFO:SubProcess create_model() called ==================================
2022-03-15 16:00:33,749:INFO:Initializing create_model()
2022-03-15 16:00:33,749:INFO:create_model(estimator=knn, fold=StratifiedKFold(n_splits=3, random_state=None, shuffle=False), round=4, cross_validation=True, predict=True, fit_kwargs={}, groups=None, refit=False, verbose=False, system=False, metrics=None, add_to_model_list=True, probability_threshold=None, display=<pycaret.internal.Display.Display object at 0x7fbf0eec64c0>, kwargs={})
2022-03-15 16:00:33,749:INFO:Checking exceptions
2022-03-15 16:00:33,750:INFO:Importing libraries
2022-03-15 16:00:33,750:INFO:Copying training dataset
2022-03-15 16:00:33,751:INFO:Defining folds
2022-03-15 16:00:33,751:INFO:Declaring metric variables
2022-03-15 16:00:33,763:INFO:Importing untrained model
2022-03-15 16:00:33,779:INFO:K Neighbors Classifier Imported succesfully
2022-03-15 16:00:33,807:INFO:Starting cross validation
2022-03-15 16:00:33,808:INFO:Cross validating with StratifiedKFold(n_splits=3, random_state=None, shuffle=False), n_jobs=1
2022-03-15 16:00:36,171:INFO:Calculating mean and std
2022-03-15 16:00:36,173:INFO:Creating metrics dataframe
2022-03-15 16:00:36,180:INFO:Uploading results into container
2022-03-15 16:00:36,180:INFO:Uploading model into container now
2022-03-15 16:00:36,180:INFO:create_model_container: 4
2022-03-15 16:00:36,180:INFO:master_model_container: 4
2022-03-15 16:00:36,181:INFO:display_container: 4
2022-03-15 16:00:36,181:INFO:KNeighborsClassifier(algorithm='auto', leaf_size=30, metric='minkowski',
                     metric_params=None, n_jobs=-1, n_neighbors=5, p=2,
                     weights='uniform')
2022-03-15 16:00:36,181:INFO:create_model() succesfully completed......................................
2022-03-15 16:00:36,419:INFO:SubProcess create_model() end ==================================
2022-03-15 16:00:36,419:INFO:Creating metrics dataframe
2022-03-15 16:00:36,443:INFO:Initializing Naive Bayes
2022-03-15 16:00:36,443:INFO:Total runtime is 0.10397159655888875 minutes
2022-03-15 16:00:36,454:INFO:SubProcess create_model() called ==================================
2022-03-15 16:00:36,455:INFO:Initializing create_model()
2022-03-15 16:00:36,455:INFO:create_model(estimator=nb, fold=StratifiedKFold(n_splits=3, random_state=None, shuffle=False), round=4, cross_validation=True, predict=True, fit_kwargs={}, groups=None, refit=False, verbose=False, system=False, metrics=None, add_to_model_list=True, probability_threshold=None, display=<pycaret.internal.Display.Display object at 0x7fbf0eec64c0>, kwargs={})
2022-03-15 16:00:36,455:INFO:Checking exceptions
2022-03-15 16:00:36,455:INFO:Importing libraries
2022-03-15 16:00:36,455:INFO:Copying training dataset
2022-03-15 16:00:36,457:INFO:Defining folds
2022-03-15 16:00:36,457:INFO:Declaring metric variables
2022-03-15 16:00:36,468:INFO:Importing untrained model
2022-03-15 16:00:36,479:INFO:Naive Bayes Imported succesfully
2022-03-15 16:00:36,503:INFO:Starting cross validation
2022-03-15 16:00:36,504:INFO:Cross validating with StratifiedKFold(n_splits=3, random_state=None, shuffle=False), n_jobs=1
2022-03-15 16:00:36,591:INFO:Calculating mean and std
2022-03-15 16:00:36,592:INFO:Creating metrics dataframe
2022-03-15 16:00:36,598:INFO:Uploading results into container
2022-03-15 16:00:36,599:INFO:Uploading model into container now
2022-03-15 16:00:36,599:INFO:create_model_container: 5
2022-03-15 16:00:36,599:INFO:master_model_container: 5
2022-03-15 16:00:36,599:INFO:display_container: 4
2022-03-15 16:00:36,599:INFO:GaussianNB(priors=None, var_smoothing=1e-09)
2022-03-15 16:00:36,599:INFO:create_model() succesfully completed......................................
2022-03-15 16:00:36,810:INFO:SubProcess create_model() end ==================================
2022-03-15 16:00:36,810:INFO:Creating metrics dataframe
2022-03-15 16:00:36,837:INFO:Initializing Decision Tree Classifier
2022-03-15 16:00:36,838:INFO:Total runtime is 0.11055054664611816 minutes
2022-03-15 16:00:36,850:INFO:SubProcess create_model() called ==================================
2022-03-15 16:00:36,851:INFO:Initializing create_model()
2022-03-15 16:00:36,851:INFO:create_model(estimator=dt, fold=StratifiedKFold(n_splits=3, random_state=None, shuffle=False), round=4, cross_validation=True, predict=True, fit_kwargs={}, groups=None, refit=False, verbose=False, system=False, metrics=None, add_to_model_list=True, probability_threshold=None, display=<pycaret.internal.Display.Display object at 0x7fbf0eec64c0>, kwargs={})
2022-03-15 16:00:36,851:INFO:Checking exceptions
2022-03-15 16:00:36,851:INFO:Importing libraries
2022-03-15 16:00:36,851:INFO:Copying training dataset
2022-03-15 16:00:36,853:INFO:Defining folds
2022-03-15 16:00:36,853:INFO:Declaring metric variables
2022-03-15 16:00:36,867:INFO:Importing untrained model
2022-03-15 16:00:36,882:INFO:Decision Tree Classifier Imported succesfully
2022-03-15 16:00:36,912:INFO:Starting cross validation
2022-03-15 16:00:36,913:INFO:Cross validating with StratifiedKFold(n_splits=3, random_state=None, shuffle=False), n_jobs=1
2022-03-15 16:00:37,165:INFO:Calculating mean and std
2022-03-15 16:00:37,166:INFO:Creating metrics dataframe
2022-03-15 16:00:37,171:INFO:Uploading results into container
2022-03-15 16:00:37,172:INFO:Uploading model into container now
2022-03-15 16:00:37,172:INFO:create_model_container: 6
2022-03-15 16:00:37,172:INFO:master_model_container: 6
2022-03-15 16:00:37,173:INFO:display_container: 4
2022-03-15 16:00:37,174:INFO:DecisionTreeClassifier(ccp_alpha=0.0, class_weight=None, criterion='gini',
                       max_depth=None, max_features=None, max_leaf_nodes=None,
                       min_impurity_decrease=0.0, min_impurity_split=None,
                       min_samples_leaf=1, min_samples_split=2,
                       min_weight_fraction_leaf=0.0, presort='deprecated',
                       random_state=7169, splitter='best')
2022-03-15 16:00:37,174:INFO:create_model() succesfully completed......................................
2022-03-15 16:00:37,388:INFO:SubProcess create_model() end ==================================
2022-03-15 16:00:37,388:INFO:Creating metrics dataframe
2022-03-15 16:00:37,411:INFO:Initializing SVM - Linear Kernel
2022-03-15 16:00:37,411:INFO:Total runtime is 0.12011218468348185 minutes
2022-03-15 16:00:37,425:INFO:SubProcess create_model() called ==================================
2022-03-15 16:00:37,426:INFO:Initializing create_model()
2022-03-15 16:00:37,426:INFO:create_model(estimator=svm, fold=StratifiedKFold(n_splits=3, random_state=None, shuffle=False), round=4, cross_validation=True, predict=True, fit_kwargs={}, groups=None, refit=False, verbose=False, system=False, metrics=None, add_to_model_list=True, probability_threshold=None, display=<pycaret.internal.Display.Display object at 0x7fbf0eec64c0>, kwargs={})
2022-03-15 16:00:37,426:INFO:Checking exceptions
2022-03-15 16:00:37,426:INFO:Importing libraries
2022-03-15 16:00:37,426:INFO:Copying training dataset
2022-03-15 16:00:37,428:INFO:Defining folds
2022-03-15 16:00:37,428:INFO:Declaring metric variables
2022-03-15 16:00:37,442:INFO:Importing untrained model
2022-03-15 16:00:37,459:INFO:SVM - Linear Kernel Imported succesfully
2022-03-15 16:00:37,487:INFO:Starting cross validation
2022-03-15 16:00:37,488:INFO:Cross validating with StratifiedKFold(n_splits=3, random_state=None, shuffle=False), n_jobs=1
2022-03-15 16:00:37,834:INFO:Calculating mean and std
2022-03-15 16:00:37,837:INFO:Creating metrics dataframe
2022-03-15 16:00:37,849:INFO:Uploading results into container
2022-03-15 16:00:37,849:INFO:Uploading model into container now
2022-03-15 16:00:37,849:INFO:create_model_container: 7
2022-03-15 16:00:37,849:INFO:master_model_container: 7
2022-03-15 16:00:37,849:INFO:display_container: 4
2022-03-15 16:00:37,850:INFO:SGDClassifier(alpha=0.0001, average=False, class_weight=None,
              early_stopping=False, epsilon=0.1, eta0=0.001, fit_intercept=True,
              l1_ratio=0.15, learning_rate='optimal', loss='hinge',
              max_iter=1000, n_iter_no_change=5, n_jobs=-1, penalty='l2',
              power_t=0.5, random_state=7169, shuffle=True, tol=0.001,
              validation_fraction=0.1, verbose=0, warm_start=False)
2022-03-15 16:00:37,850:INFO:create_model() succesfully completed......................................
2022-03-15 16:00:38,081:INFO:SubProcess create_model() end ==================================
2022-03-15 16:00:38,081:INFO:Creating metrics dataframe
2022-03-15 16:00:38,105:INFO:Initializing Ridge Classifier
2022-03-15 16:00:38,105:INFO:Total runtime is 0.13167601823806763 minutes
2022-03-15 16:00:38,120:INFO:SubProcess create_model() called ==================================
2022-03-15 16:00:38,120:INFO:Initializing create_model()
2022-03-15 16:00:38,120:INFO:create_model(estimator=ridge, fold=StratifiedKFold(n_splits=3, random_state=None, shuffle=False), round=4, cross_validation=True, predict=True, fit_kwargs={}, groups=None, refit=False, verbose=False, system=False, metrics=None, add_to_model_list=True, probability_threshold=None, display=<pycaret.internal.Display.Display object at 0x7fbf0eec64c0>, kwargs={})
2022-03-15 16:00:38,121:INFO:Checking exceptions
2022-03-15 16:00:38,121:INFO:Importing libraries
2022-03-15 16:00:38,121:INFO:Copying training dataset
2022-03-15 16:00:38,122:INFO:Defining folds
2022-03-15 16:00:38,123:INFO:Declaring metric variables
2022-03-15 16:00:38,139:INFO:Importing untrained model
2022-03-15 16:00:38,159:INFO:Ridge Classifier Imported succesfully
2022-03-15 16:00:38,190:INFO:Starting cross validation
2022-03-15 16:00:38,191:INFO:Cross validating with StratifiedKFold(n_splits=3, random_state=None, shuffle=False), n_jobs=1
2022-03-15 16:00:38,538:INFO:Calculating mean and std
2022-03-15 16:00:38,552:INFO:Creating metrics dataframe
2022-03-15 16:00:38,577:INFO:Uploading results into container
2022-03-15 16:00:38,578:INFO:Uploading model into container now
2022-03-15 16:00:38,579:INFO:create_model_container: 8
2022-03-15 16:00:38,579:INFO:master_model_container: 8
2022-03-15 16:00:38,579:INFO:display_container: 4
2022-03-15 16:00:38,580:INFO:RidgeClassifier(alpha=1.0, class_weight=None, copy_X=True, fit_intercept=True,
                max_iter=None, normalize=False, random_state=7169,
                solver='auto', tol=0.001)
2022-03-15 16:00:38,581:INFO:create_model() succesfully completed......................................
2022-03-15 16:00:38,815:INFO:SubProcess create_model() end ==================================
2022-03-15 16:00:38,815:INFO:Creating metrics dataframe
2022-03-15 16:00:38,839:INFO:Initializing Random Forest Classifier
2022-03-15 16:00:38,839:INFO:Total runtime is 0.14390393892923992 minutes
2022-03-15 16:00:38,848:INFO:SubProcess create_model() called ==================================
2022-03-15 16:00:38,849:INFO:Initializing create_model()
2022-03-15 16:00:38,849:INFO:create_model(estimator=rf, fold=StratifiedKFold(n_splits=3, random_state=None, shuffle=False), round=4, cross_validation=True, predict=True, fit_kwargs={}, groups=None, refit=False, verbose=False, system=False, metrics=None, add_to_model_list=True, probability_threshold=None, display=<pycaret.internal.Display.Display object at 0x7fbf0eec64c0>, kwargs={})
2022-03-15 16:00:38,849:INFO:Checking exceptions
2022-03-15 16:00:38,849:INFO:Importing libraries
2022-03-15 16:00:38,849:INFO:Copying training dataset
2022-03-15 16:00:38,850:INFO:Defining folds
2022-03-15 16:00:38,851:INFO:Declaring metric variables
2022-03-15 16:00:38,861:INFO:Importing untrained model
2022-03-15 16:00:38,871:INFO:Random Forest Classifier Imported succesfully
2022-03-15 16:00:38,897:INFO:Starting cross validation
2022-03-15 16:00:38,898:INFO:Cross validating with StratifiedKFold(n_splits=3, random_state=None, shuffle=False), n_jobs=1
2022-03-15 16:00:41,155:INFO:Calculating mean and std
2022-03-15 16:00:41,156:INFO:Creating metrics dataframe
2022-03-15 16:00:41,160:INFO:Uploading results into container
2022-03-15 16:00:41,160:INFO:Uploading model into container now
2022-03-15 16:00:41,160:INFO:create_model_container: 9
2022-03-15 16:00:41,161:INFO:master_model_container: 9
2022-03-15 16:00:41,161:INFO:display_container: 4
2022-03-15 16:00:41,161:INFO:RandomForestClassifier(bootstrap=True, ccp_alpha=0.0, class_weight=None,
                       criterion='gini', max_depth=None, max_features='auto',
                       max_leaf_nodes=None, max_samples=None,
                       min_impurity_decrease=0.0, min_impurity_split=None,
                       min_samples_leaf=1, min_samples_split=2,
                       min_weight_fraction_leaf=0.0, n_estimators=100,
                       n_jobs=-1, oob_score=False, random_state=7169, verbose=0,
                       warm_start=False)
2022-03-15 16:00:41,161:INFO:create_model() succesfully completed......................................
2022-03-15 16:00:41,359:INFO:SubProcess create_model() end ==================================
2022-03-15 16:00:41,360:INFO:Creating metrics dataframe
2022-03-15 16:00:41,390:INFO:Initializing Quadratic Discriminant Analysis
2022-03-15 16:00:41,390:INFO:Total runtime is 0.18642524083455403 minutes
2022-03-15 16:00:41,401:INFO:SubProcess create_model() called ==================================
2022-03-15 16:00:41,401:INFO:Initializing create_model()
2022-03-15 16:00:41,401:INFO:create_model(estimator=qda, fold=StratifiedKFold(n_splits=3, random_state=None, shuffle=False), round=4, cross_validation=True, predict=True, fit_kwargs={}, groups=None, refit=False, verbose=False, system=False, metrics=None, add_to_model_list=True, probability_threshold=None, display=<pycaret.internal.Display.Display object at 0x7fbf0eec64c0>, kwargs={})
2022-03-15 16:00:41,401:INFO:Checking exceptions
2022-03-15 16:00:41,402:INFO:Importing libraries
2022-03-15 16:00:41,402:INFO:Copying training dataset
2022-03-15 16:00:41,402:INFO:Defining folds
2022-03-15 16:00:41,403:INFO:Declaring metric variables
2022-03-15 16:00:41,411:INFO:Importing untrained model
2022-03-15 16:00:41,422:INFO:Quadratic Discriminant Analysis Imported succesfully
2022-03-15 16:00:41,451:INFO:Starting cross validation
2022-03-15 16:00:41,452:INFO:Cross validating with StratifiedKFold(n_splits=3, random_state=None, shuffle=False), n_jobs=1
2022-03-15 16:00:41,765:INFO:Calculating mean and std
2022-03-15 16:00:41,767:INFO:Creating metrics dataframe
2022-03-15 16:00:41,775:INFO:Uploading results into container
2022-03-15 16:00:41,775:INFO:Uploading model into container now
2022-03-15 16:00:41,777:INFO:create_model_container: 10
2022-03-15 16:00:41,778:INFO:master_model_container: 10
2022-03-15 16:00:41,778:INFO:display_container: 4
2022-03-15 16:00:41,778:INFO:QuadraticDiscriminantAnalysis(priors=None, reg_param=0.0,
                              store_covariance=False, tol=0.0001)
2022-03-15 16:00:41,778:INFO:create_model() succesfully completed......................................
2022-03-15 16:00:41,997:INFO:SubProcess create_model() end ==================================
2022-03-15 16:00:41,997:INFO:Creating metrics dataframe
2022-03-15 16:00:42,024:INFO:Initializing Ada Boost Classifier
2022-03-15 16:00:42,024:INFO:Total runtime is 0.1969873070716858 minutes
2022-03-15 16:00:42,037:INFO:SubProcess create_model() called ==================================
2022-03-15 16:00:42,037:INFO:Initializing create_model()
2022-03-15 16:00:42,037:INFO:create_model(estimator=ada, fold=StratifiedKFold(n_splits=3, random_state=None, shuffle=False), round=4, cross_validation=True, predict=True, fit_kwargs={}, groups=None, refit=False, verbose=False, system=False, metrics=None, add_to_model_list=True, probability_threshold=None, display=<pycaret.internal.Display.Display object at 0x7fbf0eec64c0>, kwargs={})
2022-03-15 16:00:42,037:INFO:Checking exceptions
2022-03-15 16:00:42,038:INFO:Importing libraries
2022-03-15 16:00:42,038:INFO:Copying training dataset
2022-03-15 16:00:42,039:INFO:Defining folds
2022-03-15 16:00:42,039:INFO:Declaring metric variables
2022-03-15 16:00:42,049:INFO:Importing untrained model
2022-03-15 16:00:42,060:INFO:Ada Boost Classifier Imported succesfully
2022-03-15 16:00:42,092:INFO:Starting cross validation
2022-03-15 16:00:42,093:INFO:Cross validating with StratifiedKFold(n_splits=3, random_state=None, shuffle=False), n_jobs=1
2022-03-15 16:00:43,808:INFO:Calculating mean and std
2022-03-15 16:00:43,809:INFO:Creating metrics dataframe
2022-03-15 16:00:43,814:INFO:Uploading results into container
2022-03-15 16:00:43,814:INFO:Uploading model into container now
2022-03-15 16:00:43,814:INFO:create_model_container: 11
2022-03-15 16:00:43,814:INFO:master_model_container: 11
2022-03-15 16:00:43,814:INFO:display_container: 4
2022-03-15 16:00:43,814:INFO:AdaBoostClassifier(algorithm='SAMME.R', base_estimator=None, learning_rate=1.0,
                   n_estimators=50, random_state=7169)
2022-03-15 16:00:43,814:INFO:create_model() succesfully completed......................................
2022-03-15 16:00:44,024:INFO:SubProcess create_model() end ==================================
2022-03-15 16:00:44,024:INFO:Creating metrics dataframe
2022-03-15 16:00:44,051:INFO:Initializing Gradient Boosting Classifier
2022-03-15 16:00:44,051:INFO:Total runtime is 0.23077433904012046 minutes
2022-03-15 16:00:44,064:INFO:SubProcess create_model() called ==================================
2022-03-15 16:00:44,064:INFO:Initializing create_model()
2022-03-15 16:00:44,065:INFO:create_model(estimator=gbc, fold=StratifiedKFold(n_splits=3, random_state=None, shuffle=False), round=4, cross_validation=True, predict=True, fit_kwargs={}, groups=None, refit=False, verbose=False, system=False, metrics=None, add_to_model_list=True, probability_threshold=None, display=<pycaret.internal.Display.Display object at 0x7fbf0eec64c0>, kwargs={})
2022-03-15 16:00:44,065:INFO:Checking exceptions
2022-03-15 16:00:44,065:INFO:Importing libraries
2022-03-15 16:00:44,065:INFO:Copying training dataset
2022-03-15 16:00:44,066:INFO:Defining folds
2022-03-15 16:00:44,067:INFO:Declaring metric variables
2022-03-15 16:00:44,080:INFO:Importing untrained model
2022-03-15 16:00:44,091:INFO:Gradient Boosting Classifier Imported succesfully
2022-03-15 16:00:44,121:INFO:Starting cross validation
2022-03-15 16:00:44,122:INFO:Cross validating with StratifiedKFold(n_splits=3, random_state=None, shuffle=False), n_jobs=1
2022-03-15 16:01:32,443:INFO:Calculating mean and std
2022-03-15 16:01:32,443:INFO:Creating metrics dataframe
2022-03-15 16:01:32,449:INFO:Uploading results into container
2022-03-15 16:01:32,449:INFO:Uploading model into container now
2022-03-15 16:01:32,449:INFO:create_model_container: 12
2022-03-15 16:01:32,449:INFO:master_model_container: 12
2022-03-15 16:01:32,449:INFO:display_container: 4
2022-03-15 16:01:32,450:INFO:GradientBoostingClassifier(ccp_alpha=0.0, criterion='friedman_mse', init=None,
                           learning_rate=0.1, loss='deviance', max_depth=3,
                           max_features=None, max_leaf_nodes=None,
                           min_impurity_decrease=0.0, min_impurity_split=None,
                           min_samples_leaf=1, min_samples_split=2,
                           min_weight_fraction_leaf=0.0, n_estimators=100,
                           n_iter_no_change=None, presort='deprecated',
                           random_state=7169, subsample=1.0, tol=0.0001,
                           validation_fraction=0.1, verbose=0,
                           warm_start=False)
2022-03-15 16:01:32,450:INFO:create_model() succesfully completed......................................
2022-03-15 16:01:32,614:INFO:SubProcess create_model() end ==================================
2022-03-15 16:01:32,614:INFO:Creating metrics dataframe
2022-03-15 16:01:32,639:INFO:Initializing Linear Discriminant Analysis
2022-03-15 16:01:32,639:INFO:Total runtime is 1.0405685226122539 minutes
2022-03-15 16:01:32,650:INFO:SubProcess create_model() called ==================================
2022-03-15 16:01:32,651:INFO:Initializing create_model()
2022-03-15 16:01:32,651:INFO:create_model(estimator=lda, fold=StratifiedKFold(n_splits=3, random_state=None, shuffle=False), round=4, cross_validation=True, predict=True, fit_kwargs={}, groups=None, refit=False, verbose=False, system=False, metrics=None, add_to_model_list=True, probability_threshold=None, display=<pycaret.internal.Display.Display object at 0x7fbf0eec64c0>, kwargs={})
2022-03-15 16:01:32,651:INFO:Checking exceptions
2022-03-15 16:01:32,651:INFO:Importing libraries
2022-03-15 16:01:32,651:INFO:Copying training dataset
2022-03-15 16:01:32,652:INFO:Defining folds
2022-03-15 16:01:32,653:INFO:Declaring metric variables
2022-03-15 16:01:32,662:INFO:Importing untrained model
2022-03-15 16:01:32,674:INFO:Linear Discriminant Analysis Imported succesfully
2022-03-15 16:01:32,700:INFO:Starting cross validation
2022-03-15 16:01:32,701:INFO:Cross validating with StratifiedKFold(n_splits=3, random_state=None, shuffle=False), n_jobs=1
2022-03-15 16:01:33,042:INFO:Calculating mean and std
2022-03-15 16:01:33,048:INFO:Creating metrics dataframe
2022-03-15 16:01:33,068:INFO:Uploading results into container
2022-03-15 16:01:33,069:INFO:Uploading model into container now
2022-03-15 16:01:33,069:INFO:create_model_container: 13
2022-03-15 16:01:33,069:INFO:master_model_container: 13
2022-03-15 16:01:33,069:INFO:display_container: 4
2022-03-15 16:01:33,070:INFO:LinearDiscriminantAnalysis(n_components=None, priors=None, shrinkage=None,
                           solver='svd', store_covariance=False, tol=0.0001)
2022-03-15 16:01:33,070:INFO:create_model() succesfully completed......................................
2022-03-15 16:01:33,293:INFO:SubProcess create_model() end ==================================
2022-03-15 16:01:33,293:INFO:Creating metrics dataframe
2022-03-15 16:01:33,322:INFO:Initializing Extra Trees Classifier
2022-03-15 16:01:33,322:INFO:Total runtime is 1.0519561648368836 minutes
2022-03-15 16:01:33,332:INFO:SubProcess create_model() called ==================================
2022-03-15 16:01:33,333:INFO:Initializing create_model()
2022-03-15 16:01:33,333:INFO:create_model(estimator=et, fold=StratifiedKFold(n_splits=3, random_state=None, shuffle=False), round=4, cross_validation=True, predict=True, fit_kwargs={}, groups=None, refit=False, verbose=False, system=False, metrics=None, add_to_model_list=True, probability_threshold=None, display=<pycaret.internal.Display.Display object at 0x7fbf0eec64c0>, kwargs={})
2022-03-15 16:01:33,333:INFO:Checking exceptions
2022-03-15 16:01:33,333:INFO:Importing libraries
2022-03-15 16:01:33,333:INFO:Copying training dataset
2022-03-15 16:01:33,334:INFO:Defining folds
2022-03-15 16:01:33,334:INFO:Declaring metric variables
2022-03-15 16:01:33,344:INFO:Importing untrained model
2022-03-15 16:01:33,354:INFO:Extra Trees Classifier Imported succesfully
2022-03-15 16:01:33,377:INFO:Starting cross validation
2022-03-15 16:01:33,378:INFO:Cross validating with StratifiedKFold(n_splits=3, random_state=None, shuffle=False), n_jobs=1
2022-03-15 16:01:35,371:INFO:Calculating mean and std
2022-03-15 16:01:35,372:INFO:Creating metrics dataframe
2022-03-15 16:01:35,377:INFO:Uploading results into container
2022-03-15 16:01:35,377:INFO:Uploading model into container now
2022-03-15 16:01:35,377:INFO:create_model_container: 14
2022-03-15 16:01:35,377:INFO:master_model_container: 14
2022-03-15 16:01:35,377:INFO:display_container: 4
2022-03-15 16:01:35,378:INFO:ExtraTreesClassifier(bootstrap=False, ccp_alpha=0.0, class_weight=None,
                     criterion='gini', max_depth=None, max_features='auto',
                     max_leaf_nodes=None, max_samples=None,
                     min_impurity_decrease=0.0, min_impurity_split=None,
                     min_samples_leaf=1, min_samples_split=2,
                     min_weight_fraction_leaf=0.0, n_estimators=100, n_jobs=-1,
                     oob_score=False, random_state=7169, verbose=0,
                     warm_start=False)
2022-03-15 16:01:35,378:INFO:create_model() succesfully completed......................................
2022-03-15 16:01:35,542:INFO:SubProcess create_model() end ==================================
2022-03-15 16:01:35,542:INFO:Creating metrics dataframe
2022-03-15 16:01:35,568:INFO:Initializing Extreme Gradient Boosting
2022-03-15 16:01:35,568:INFO:Total runtime is 1.0893956502278646 minutes
2022-03-15 16:01:35,580:INFO:SubProcess create_model() called ==================================
2022-03-15 16:01:35,580:INFO:Initializing create_model()
2022-03-15 16:01:35,580:INFO:create_model(estimator=xgboost, fold=StratifiedKFold(n_splits=3, random_state=None, shuffle=False), round=4, cross_validation=True, predict=True, fit_kwargs={}, groups=None, refit=False, verbose=False, system=False, metrics=None, add_to_model_list=True, probability_threshold=None, display=<pycaret.internal.Display.Display object at 0x7fbf0eec64c0>, kwargs={})
2022-03-15 16:01:35,580:INFO:Checking exceptions
2022-03-15 16:01:35,580:INFO:Importing libraries
2022-03-15 16:01:35,580:INFO:Copying training dataset
2022-03-15 16:01:35,582:INFO:Defining folds
2022-03-15 16:01:35,582:INFO:Declaring metric variables
2022-03-15 16:01:35,593:INFO:Importing untrained model
2022-03-15 16:01:35,608:INFO:Extreme Gradient Boosting Imported succesfully
2022-03-15 16:01:35,633:INFO:Starting cross validation
2022-03-15 16:01:35,636:INFO:Cross validating with StratifiedKFold(n_splits=3, random_state=None, shuffle=False), n_jobs=1
2022-03-15 16:01:55,371:INFO:Calculating mean and std
2022-03-15 16:01:55,372:INFO:Creating metrics dataframe
2022-03-15 16:01:55,377:INFO:Uploading results into container
2022-03-15 16:01:55,377:INFO:Uploading model into container now
2022-03-15 16:01:55,377:INFO:create_model_container: 15
2022-03-15 16:01:55,377:INFO:master_model_container: 15
2022-03-15 16:01:55,377:INFO:display_container: 4
2022-03-15 16:01:55,378:INFO:XGBClassifier(base_score=None, booster='gbtree', colsample_bylevel=None,
              colsample_bynode=None, colsample_bytree=None,
              enable_categorical=False, gamma=None, gpu_id=None,
              importance_type=None, interaction_constraints=None,
              learning_rate=None, max_delta_step=None, max_depth=None,
              min_child_weight=None, missing=nan, monotone_constraints=None,
              n_estimators=100, n_jobs=-1, num_parallel_tree=None,
              objective='binary:logistic', predictor=None, random_state=7169,
              reg_alpha=None, reg_lambda=None, scale_pos_weight=None,
              subsample=None, tree_method='gpu_hist', use_label_encoder=True,
              validate_parameters=None, verbosity=0)
2022-03-15 16:01:55,378:INFO:create_model() succesfully completed......................................
2022-03-15 16:01:55,550:INFO:SubProcess create_model() end ==================================
2022-03-15 16:01:55,550:INFO:Creating metrics dataframe
2022-03-15 16:01:55,578:INFO:Initializing Light Gradient Boosting Machine
2022-03-15 16:01:55,578:INFO:Total runtime is 1.4228891928990681 minutes
2022-03-15 16:01:55,588:INFO:SubProcess create_model() called ==================================
2022-03-15 16:01:55,588:INFO:Initializing create_model()
2022-03-15 16:01:55,588:INFO:create_model(estimator=lightgbm, fold=StratifiedKFold(n_splits=3, random_state=None, shuffle=False), round=4, cross_validation=True, predict=True, fit_kwargs={}, groups=None, refit=False, verbose=False, system=False, metrics=None, add_to_model_list=True, probability_threshold=None, display=<pycaret.internal.Display.Display object at 0x7fbf0eec64c0>, kwargs={})
2022-03-15 16:01:55,588:INFO:Checking exceptions
2022-03-15 16:01:55,588:INFO:Importing libraries
2022-03-15 16:01:55,589:INFO:Copying training dataset
2022-03-15 16:01:55,590:INFO:Defining folds
2022-03-15 16:01:55,590:INFO:Declaring metric variables
2022-03-15 16:01:55,605:INFO:Importing untrained model
2022-03-15 16:01:55,620:INFO:Light Gradient Boosting Machine Imported succesfully
2022-03-15 16:01:55,649:INFO:Starting cross validation
2022-03-15 16:01:55,649:INFO:Cross validating with StratifiedKFold(n_splits=3, random_state=None, shuffle=False), n_jobs=1
2022-03-15 16:02:37,493:INFO:Calculating mean and std
2022-03-15 16:02:37,495:INFO:Creating metrics dataframe
2022-03-15 16:02:37,499:INFO:Uploading results into container
2022-03-15 16:02:37,499:INFO:Uploading model into container now
2022-03-15 16:02:37,499:INFO:create_model_container: 16
2022-03-15 16:02:37,499:INFO:master_model_container: 16
2022-03-15 16:02:37,499:INFO:display_container: 4
2022-03-15 16:02:37,500:INFO:LGBMClassifier(boosting_type='gbdt', class_weight=None, colsample_bytree=1.0,
               importance_type='split', learning_rate=0.1, max_depth=-1,
               min_child_samples=20, min_child_weight=0.001, min_split_gain=0.0,
               n_estimators=100, n_jobs=-1, num_leaves=31, objective=None,
               random_state=7169, reg_alpha=0.0, reg_lambda=0.0, silent='warn',
               subsample=1.0, subsample_for_bin=200000, subsample_freq=0)
2022-03-15 16:02:37,500:INFO:create_model() succesfully completed......................................
2022-03-15 16:02:37,665:INFO:SubProcess create_model() end ==================================
2022-03-15 16:02:37,665:INFO:Creating metrics dataframe
2022-03-15 16:02:37,693:INFO:Initializing CatBoost Classifier
2022-03-15 16:02:37,694:INFO:Total runtime is 2.124818229675293 minutes
2022-03-15 16:02:37,705:INFO:SubProcess create_model() called ==================================
2022-03-15 16:02:37,705:INFO:Initializing create_model()
2022-03-15 16:02:37,705:INFO:create_model(estimator=catboost, fold=StratifiedKFold(n_splits=3, random_state=None, shuffle=False), round=4, cross_validation=True, predict=True, fit_kwargs={}, groups=None, refit=False, verbose=False, system=False, metrics=None, add_to_model_list=True, probability_threshold=None, display=<pycaret.internal.Display.Display object at 0x7fbf0eec64c0>, kwargs={})
2022-03-15 16:02:37,705:INFO:Checking exceptions
2022-03-15 16:02:37,705:INFO:Importing libraries
2022-03-15 16:02:37,705:INFO:Copying training dataset
2022-03-15 16:02:37,706:INFO:Defining folds
2022-03-15 16:02:37,706:INFO:Declaring metric variables
2022-03-15 16:02:37,713:INFO:Importing untrained model
2022-03-15 16:02:37,722:INFO:CatBoost Classifier Imported succesfully
2022-03-15 16:02:37,744:INFO:Starting cross validation
2022-03-15 16:02:37,746:INFO:Cross validating with StratifiedKFold(n_splits=3, random_state=None, shuffle=False), n_jobs=1
2022-03-15 16:06:14,073:INFO:Calculating mean and std
2022-03-15 16:06:14,074:INFO:Creating metrics dataframe
2022-03-15 16:06:14,078:INFO:Uploading results into container
2022-03-15 16:06:14,078:INFO:Uploading model into container now
2022-03-15 16:06:14,078:INFO:create_model_container: 17
2022-03-15 16:06:14,079:INFO:master_model_container: 17
2022-03-15 16:06:14,079:INFO:display_container: 4
2022-03-15 16:06:14,079:INFO:<catboost.core.CatBoostClassifier object at 0x7fbf0ffc4490>
2022-03-15 16:06:14,079:INFO:create_model() succesfully completed......................................
2022-03-15 16:06:14,243:INFO:SubProcess create_model() end ==================================
2022-03-15 16:06:14,244:INFO:Creating metrics dataframe
2022-03-15 16:06:14,273:INFO:Initializing Dummy Classifier
2022-03-15 16:06:14,273:INFO:Total runtime is 5.7344688177108765 minutes
2022-03-15 16:06:14,283:INFO:SubProcess create_model() called ==================================
2022-03-15 16:06:14,283:INFO:Initializing create_model()
2022-03-15 16:06:14,284:INFO:create_model(estimator=dummy, fold=StratifiedKFold(n_splits=3, random_state=None, shuffle=False), round=4, cross_validation=True, predict=True, fit_kwargs={}, groups=None, refit=False, verbose=False, system=False, metrics=None, add_to_model_list=True, probability_threshold=None, display=<pycaret.internal.Display.Display object at 0x7fbf0eec64c0>, kwargs={})
2022-03-15 16:06:14,284:INFO:Checking exceptions
2022-03-15 16:06:14,284:INFO:Importing libraries
2022-03-15 16:06:14,284:INFO:Copying training dataset
2022-03-15 16:06:14,285:INFO:Defining folds
2022-03-15 16:06:14,285:INFO:Declaring metric variables
2022-03-15 16:06:14,293:INFO:Importing untrained model
2022-03-15 16:06:14,302:INFO:Dummy Classifier Imported succesfully
2022-03-15 16:06:14,320:INFO:Starting cross validation
2022-03-15 16:06:14,321:INFO:Cross validating with StratifiedKFold(n_splits=3, random_state=None, shuffle=False), n_jobs=1
2022-03-15 16:06:14,367:INFO:Calculating mean and std
2022-03-15 16:06:14,368:INFO:Creating metrics dataframe
2022-03-15 16:06:14,373:INFO:Uploading results into container
2022-03-15 16:06:14,373:INFO:Uploading model into container now
2022-03-15 16:06:14,373:INFO:create_model_container: 18
2022-03-15 16:06:14,373:INFO:master_model_container: 18
2022-03-15 16:06:14,373:INFO:display_container: 4
2022-03-15 16:06:14,373:INFO:DummyClassifier(constant=None, random_state=7169, strategy='prior')
2022-03-15 16:06:14,373:INFO:create_model() succesfully completed......................................
2022-03-15 16:06:14,597:INFO:SubProcess create_model() end ==================================
2022-03-15 16:06:14,598:INFO:Creating metrics dataframe
2022-03-15 16:06:14,671:INFO:Initializing create_model()
2022-03-15 16:06:14,671:INFO:create_model(estimator=<catboost.core.CatBoostClassifier object at 0x7fbf0ffc4490>, fold=StratifiedKFold(n_splits=3, random_state=None, shuffle=False), round=4, cross_validation=False, predict=False, fit_kwargs={}, groups=None, refit=True, verbose=False, system=False, metrics=None, add_to_model_list=True, probability_threshold=None, display=None, kwargs={})
2022-03-15 16:06:14,671:INFO:Checking exceptions
2022-03-15 16:06:14,672:INFO:Importing libraries
2022-03-15 16:06:14,672:INFO:Copying training dataset
2022-03-15 16:06:14,672:INFO:Defining folds
2022-03-15 16:06:14,672:INFO:Declaring metric variables
2022-03-15 16:06:14,672:INFO:Importing untrained model
2022-03-15 16:06:14,672:INFO:Declaring custom model
2022-03-15 16:06:14,673:INFO:CatBoost Classifier Imported succesfully
2022-03-15 16:06:14,673:INFO:Cross validation set to False
2022-03-15 16:06:14,673:INFO:Fitting Model
2022-03-15 16:07:28,243:INFO:<catboost.core.CatBoostClassifier object at 0x7fbe68e0f0a0>
2022-03-15 16:07:28,243:INFO:create_models() succesfully completed......................................
2022-03-15 16:07:28,464:INFO:create_model_container: 18
2022-03-15 16:07:28,464:INFO:master_model_container: 18
2022-03-15 16:07:28,464:INFO:display_container: 4
2022-03-15 16:07:28,464:INFO:<catboost.core.CatBoostClassifier object at 0x7fbe68e0f0a0>
2022-03-15 16:07:28,464:INFO:compare_models() succesfully completed......................................
